platforms/android/build/outputs/logs/manifest-merger-debug-report.txt
-- Merging decision tree log ---
manifest
ADDED from platforms/android/AndroidManifest.xml:2:1-31:12
	package
		ADDED from platforms/android/AndroidManifest.xml:2:102-128
		INJECTED from platforms/android/AndroidManifest.xml
		INJECTED from platforms/android/AndroidManifest.xml
	android:versionName
		ADDED from platforms/android/AndroidManifest.xml:2:74-101
		INJECTED from platforms/android/AndroidManifest.xml
		INJECTED from platforms/android/AndroidManifest.xml
	android:hardwareAccelerated
		ADDED from platforms/android/AndroidManifest.xml:2:11-45
	android:versionCode
		ADDED from platforms/android/AndroidManifest.xml:2:46-73
		INJECTED from platforms/android/AndroidManifest.xml
		INJECTED from platforms/android/AndroidManifest.xml
	xmlns:android
		ADDED from platforms/android/AndroidManifest.xml:2:129-187
supports-screens
ADDED from platforms/android/AndroidManifest.xml:3:5-191
	android:largeScreens
		ADDED from platforms/android/AndroidManifest.xml:3:49-76
	android:smallScreens
		ADDED from platforms/android/AndroidManifest.xml:3:132-159
	android:normalScreens
		ADDED from platforms/android/AndroidManifest.xml:3:77-105
	android:xlargeScreens
		ADDED from platforms/android/AndroidManifest.xml:3:160-188
	android:resizeable
		ADDED from platforms/android/AndroidManifest.xml:3:106-131
	android:anyDensity
		ADDED from platforms/android/AndroidManifest.xml:3:23-48
uses-permission#android.permission.INTERNET
ADDED from platforms/android/AndroidManifest.xml:4:5-67
MERGED from [com.google.android.gms:play-services-analytics:10.2.1] AndroidManifest.xml:20:5-66
MERGED from [com.google.android.gms:play-services-analytics-impl:10.2.1] AndroidManifest.xml:20:5-66
	android:name
		ADDED from platforms/android/AndroidManifest.xml:4:22-64
application
ADDED from platforms/android/AndroidManifest.xml:5:5-24:19
MERGED from [com.google.android.gms:play-services-analytics:10.2.1] AndroidManifest.xml:26:5-19
MERGED from [com.google.android.gms:play-services-analytics-impl:10.2.1] AndroidManifest.xml:26:5-19
MERGED from [com.google.android.gms:play-services-base:10.2.1] AndroidManifest.xml:18:5-20:19
MERGED from [com.google.android.gms:play-services-basement:10.2.1] AndroidManifest.xml:19:5-21:19
MERGED from [com.android.support:support-v4:24.0.0] AndroidManifest.xml:25:5-20
MERGED from [com.google.android.gms:play-services-tasks:10.2.1] AndroidManifest.xml:4:5-19
MERGED from [com.google.android.gms:play-services-tagmanager-v4-impl:10.2.1] AndroidManifest.xml:19:5-19
	android:label
		ADDED from platforms/android/AndroidManifest.xml:5:81-113
	android:supportsRtl
		ADDED from platforms/android/AndroidManifest.xml:5:114-140
	android:hardwareAccelerated
		ADDED from platforms/android/AndroidManifest.xml:5:18-52
	android:icon
		ADDED from platforms/android/AndroidManifest.xml:5:53-80
activity#com.ocpanda.test.MainActivity
ADDED from platforms/android/AndroidManifest.xml:6:9-11:20
	android:screenOrientation
		ADDED from platforms/android/AndroidManifest.xml:6:194-230
	android:label
		ADDED from platforms/android/AndroidManifest.xml:6:97-134
	android:launchMode
		ADDED from platforms/android/AndroidManifest.xml:6:135-165
	android:windowSoftInputMode
		ADDED from platforms/android/AndroidManifest.xml:6:294-336
	android:configChanges
		ADDED from platforms/android/AndroidManifest.xml:6:19-96
	android:theme
		ADDED from platforms/android/AndroidManifest.xml:6:231-293
	android:name
		ADDED from platforms/android/AndroidManifest.xml:6:166-193
intent-filter#android.intent.action.MAIN+android.intent.category.LAUNCHER
ADDED from platforms/android/AndroidManifest.xml:7:13-10:29
	android:label
		ADDED from platforms/android/AndroidManifest.xml:7:28-65
action#android.intent.action.MAIN
ADDED from platforms/android/AndroidManifest.xml:8:17-69
	android:name
		ADDED from platforms/android/AndroidManifest.xml:8:25-66
category#android.intent.category.LAUNCHER
ADDED from platforms/android/AndroidManifest.xml:9:17-77
	android:name
		ADDED from platforms/android/AndroidManifest.xml:9:27-74
receiver#com.google.android.gms.analytics.AnalyticsReceiver
ADDED from platforms/android/AndroidManifest.xml:12:9-16:20
	android:enabled
		ADDED from platforms/android/AndroidManifest.xml:12:19-41
	android:name
		ADDED from platforms/android/AndroidManifest.xml:12:42-107
intent-filter#com.google.android.gms.analytics.ANALYTICS_DISPATCH
ADDED from platforms/android/AndroidManifest.xml:13:13-15:29
action#com.google.android.gms.analytics.ANALYTICS_DISPATCH
ADDED from platforms/android/AndroidManifest.xml:14:17-94
	android:name
		ADDED from platforms/android/AndroidManifest.xml:14:25-91
service#com.google.android.gms.analytics.AnalyticsService
ADDED from platforms/android/AndroidManifest.xml:17:9-133
	android:enabled
		ADDED from platforms/android/AndroidManifest.xml:17:18-40
	android:exported
		ADDED from platforms/android/AndroidManifest.xml:17:41-65
	android:name
		ADDED from platforms/android/AndroidManifest.xml:17:66-130
receiver#com.google.android.gms.analytics.CampaignTrackingReceiver
ADDED from platforms/android/AndroidManifest.xml:18:9-22:20
	android:enabled
		ADDED from platforms/android/AndroidManifest.xml:18:19-41
	android:exported
		ADDED from platforms/android/AndroidManifest.xml:18:42-65
	android:name
		ADDED from platforms/android/AndroidManifest.xml:18:66-138
intent-filter#com.android.vending.INSTALL_REFERRER
ADDED from platforms/android/AndroidManifest.xml:19:13-21:29
action#com.android.vending.INSTALL_REFERRER
ADDED from platforms/android/AndroidManifest.xml:20:17-79
	android:name
		ADDED from platforms/android/AndroidManifest.xml:20:25-76
service#com.google.android.gms.analytics.CampaignTrackingService
ADDED from platforms/android/AndroidManifest.xml:23:9-140
	android:enabled
		ADDED from platforms/android/AndroidManifest.xml:23:18-40
	android:exported
		ADDED from platforms/android/AndroidManifest.xml:23:41-65
	android:name
		ADDED from platforms/android/AndroidManifest.xml:23:66-137
uses-sdk
ADDED from platforms/android/AndroidManifest.xml:25:5-74
MERGED from [com.google.android.gms:play-services-analytics:10.2.1] AndroidManifest.xml:17:5-43
MERGED from [com.google.android.gms:play-services-analytics-impl:10.2.1] AndroidManifest.xml:17:5-43
MERGED from [com.google.android.gms:play-services-base:10.2.1] AndroidManifest.xml:17:5-43
MERGED from [com.google.android.gms:play-services-basement:10.2.1] AndroidManifest.xml:17:5-43
MERGED from [com.android.support:support-v4:24.0.0] AndroidManifest.xml:21:5-23:54
MERGED from [com.google.android.gms:play-services-tasks:10.2.1] AndroidManifest.xml:3:5-43
MERGED from [com.google.android.gms:play-services-tagmanager-v4-impl:10.2.1] AndroidManifest.xml:17:5-43
MERGED from [android:CordovaLib:unspecified:debug] AndroidManifest.xml:25:5-44
	tools:overrideLibrary
		ADDED from [com.android.support:support-v4:24.0.0] AndroidManifest.xml:23:9-51
	android:targetSdkVersion
		ADDED from platforms/android/AndroidManifest.xml:25:42-71
	android:minSdkVersion
		ADDED from platforms/android/AndroidManifest.xml:25:15-41
uses-permission#android.permission.BLUETOOTH
ADDED from platforms/android/AndroidManifest.xml:26:5-68
	android:name
		ADDED from platforms/android/AndroidManifest.xml:26:22-65
uses-permission#android.permission.BLUETOOTH_ADMIN
ADDED from platforms/android/AndroidManifest.xml:27:5-74
	android:name
		ADDED from platforms/android/AndroidManifest.xml:27:22-71
uses-permission#android.permission.ACCESS_COARSE_LOCATION
ADDED from platforms/android/AndroidManifest.xml:28:5-81
	android:name
		ADDED from platforms/android/AndroidManifest.xml:28:22-78
uses-permission#android.permission.WRITE_EXTERNAL_STORAGE
ADDED from platforms/android/AndroidManifest.xml:29:5-81
	android:name
		ADDED from platforms/android/AndroidManifest.xml:29:22-78
uses-permission#android.permission.ACCESS_NETWORK_STATE
ADDED from platforms/android/AndroidManifest.xml:30:5-79
MERGED from [com.google.android.gms:play-services-analytics:10.2.1] AndroidManifest.xml:21:5-78
MERGED from [com.google.android.gms:play-services-analytics-impl:10.2.1] AndroidManifest.xml:21:5-78
	android:name
		ADDED from platforms/android/AndroidManifest.xml:30:22-76
uses-permission#android.permission.WAKE_LOCK
ADDED from [com.google.android.gms:play-services-analytics:10.2.1] AndroidManifest.xml:24:5-67
MERGED from [com.google.android.gms:play-services-analytics-impl:10.2.1] AndroidManifest.xml:24:5-67
	android:name
		ADDED from [com.google.android.gms:play-services-analytics:10.2.1] AndroidManifest.xml:24:22-65
activity#com.google.android.gms.common.api.GoogleApiActivity
ADDED from [com.google.android.gms:play-services-base:10.2.1] AndroidManifest.xml:19:9-172
	android:exported
		ADDED from [com.google.android.gms:play-services-base:10.2.1] AndroidManifest.xml:19:146-170
	android:theme
		ADDED from [com.google.android.gms:play-services-base:10.2.1] AndroidManifest.xml:19:86-145
	android:name
		ADDED from [com.google.android.gms:play-services-base:10.2.1] AndroidManifest.xml:19:19-85
meta-data#com.google.android.gms.version
ADDED from [com.google.android.gms:play-services-basement:10.2.1] AndroidManifest.xml:20:9-121
	android:value
		ADDED from [com.google.android.gms:play-services-basement:10.2.1] AndroidManifest.xml:20:66-119
	android:name
		ADDED from [com.google.android.gms:play-services-basement:10.2.1] AndroidManifest.xml:20:20-65